0 info it worked if it ends with ok
1 verbose cli [ '/Users/silencem/nvm/versions/node/v6.8.1/bin/node',
1 verbose cli   '/Users/silencem/nvm/versions/node/v6.8.1/bin/npm',
1 verbose cli   'run',
1 verbose cli   'watch' ]
2 info using npm@3.10.8
3 info using node@v6.8.1
4 verbose run-script [ 'prewatch', 'watch', 'postwatch' ]
5 info lifecycle main@0.0.1~prewatch: main@0.0.1
6 silly lifecycle main@0.0.1~prewatch: no script for prewatch, continuing
7 info lifecycle main@0.0.1~watch: main@0.0.1
8 verbose lifecycle main@0.0.1~watch: unsafe-perm in lifecycle true
9 verbose lifecycle main@0.0.1~watch: PATH: /Users/silencem/nvm/versions/node/v6.8.1/lib/node_modules/npm/bin/node-gyp-bin:/Users/silencem/Desktop/silenceMMM.github.io/node_modules/.bin:/Users/silencem/nvm/versions/node/v6.8.1/bin:/usr/local/bin:/usr/bin:/bin:/usr/sbin:/sbin
10 verbose lifecycle main@0.0.1~watch: CWD: /Users/silencem/Desktop/silenceMMM.github.io
11 silly lifecycle main@0.0.1~watch: Args: [ '-c',
11 silly lifecycle   'grunt & grunt watch & npm run preview & bundle exec jekyll serve -w' ]
12 silly lifecycle main@0.0.1~watch: Returned: code: 1  signal: null
13 info lifecycle main@0.0.1~watch: Failed to exec watch script
14 verbose stack Error: main@0.0.1 watch: `grunt & grunt watch & npm run preview & bundle exec jekyll serve -w`
14 verbose stack Exit status 1
14 verbose stack     at EventEmitter.<anonymous> (/Users/silencem/nvm/versions/node/v6.8.1/lib/node_modules/npm/lib/utils/lifecycle.js:255:16)
14 verbose stack     at emitTwo (events.js:106:13)
14 verbose stack     at EventEmitter.emit (events.js:191:7)
14 verbose stack     at ChildProcess.<anonymous> (/Users/silencem/nvm/versions/node/v6.8.1/lib/node_modules/npm/lib/utils/spawn.js:40:14)
14 verbose stack     at emitTwo (events.js:106:13)
14 verbose stack     at ChildProcess.emit (events.js:191:7)
14 verbose stack     at maybeClose (internal/child_process.js:877:16)
14 verbose stack     at Process.ChildProcess._handle.onexit (internal/child_process.js:226:5)
15 verbose pkgid main@0.0.1
16 verbose cwd /Users/silencem/Desktop/silenceMMM.github.io
17 error Darwin 16.3.0
18 error argv "/Users/silencem/nvm/versions/node/v6.8.1/bin/node" "/Users/silencem/nvm/versions/node/v6.8.1/bin/npm" "run" "watch"
19 error node v6.8.1
20 error npm  v3.10.8
21 error code ELIFECYCLE
22 error main@0.0.1 watch: `grunt & grunt watch & npm run preview & bundle exec jekyll serve -w`
22 error Exit status 1
23 error Failed at the main@0.0.1 watch script 'grunt & grunt watch & npm run preview & bundle exec jekyll serve -w'.
23 error Make sure you have the latest version of node.js and npm installed.
23 error If you do, this is most likely a problem with the main package,
23 error not with npm itself.
23 error Tell the author that this fails on your system:
23 error     grunt & grunt watch & npm run preview & bundle exec jekyll serve -w
23 error You can get information on how to open an issue for this project with:
23 error     npm bugs main
23 error Or if that isn't available, you can get their info via:
23 error     npm owner ls main
23 error There is likely additional logging output above.
24 verbose exit [ 1, true ]
